<?xml version='1.0' encoding='UTF-8'?>
<testsuite hostname="DESKTOP-EA3VV5D" name="LexerTests" tests="8" errors="0" failures="2" skipped="0" time="0.243" timestamp="2023-01-08T14:21:08">
          <properties>
[...]
</properties>
          <testcase classname="LexerTests" name="Test lexer: simple concat (2p)" time="0.131">
                      
                    </testcase><testcase classname="LexerTests" name="Test lexer: simple union (2p)" time="0.015">
                      
                    </testcase><testcase classname="LexerTests" name="Test lexer: space and zeros char (5p)" time="0.015">
                      
                    </testcase><testcase classname="LexerTests" name="Test lexer: space and zeros char (5p)-1" time="0.006">
                      
                    </testcase><testcase classname="LexerTests" name="Test lexer: ones and twos char (8p)" time="0.018">
                      <failure message="/mnt/e/Facultate/anul3/LFA/proiect/tema/src/test/scala/LexerTests.scala:64 assertion failed
63:    assert(Lexer(spec).lex(&quot;1001010&quot;) == Right(List((&quot;1001010&quot;, &quot;PATTERN&quot;))))
[7m64:    assert(Lexer(spec).lex(&quot;1101010101&quot;) == Right(List((&quot;1101010101&quot;, &quot;PATTERN&quot;))))[0m
65:    assert(Lexer(spec).lex(&quot;2110000101112&quot;) == Right(List((&quot;2&quot;, &quot;TWO&quot;), (&quot;11000010111&quot;, &quot;PATTERN&quot;), (&quot;2&quot;, &quot;TWO&quot;))))" type="munit.FailException">munit.FailException: /mnt/e/Facultate/anul3/LFA/proiect/tema/src/test/scala/LexerTests.scala:64 assertion failed
63:    assert(Lexer(spec).lex(&quot;1001010&quot;) == Right(List((&quot;1001010&quot;, &quot;PATTERN&quot;))))
[7m64:    assert(Lexer(spec).lex(&quot;1101010101&quot;) == Right(List((&quot;1101010101&quot;, &quot;PATTERN&quot;))))[0m
65:    assert(Lexer(spec).lex(&quot;2110000101112&quot;) == Right(List((&quot;2&quot;, &quot;TWO&quot;), (&quot;11000010111&quot;, &quot;PATTERN&quot;), (&quot;2&quot;, &quot;TWO&quot;))))
	at munit.FunSuite.assert(FunSuite.scala:11)
	at LexerTests.$anonfun$new$41(LexerTests.scala:64)
	at scala.runtime.java8.JFunction0$mcV$sp.apply(JFunction0$mcV$sp.scala:18)
</failure>
                    </testcase><testcase classname="LexerTests" name="Test lexer: plus and star char (8p)" time="0.016">
                      
                    </testcase><testcase classname="LexerTests" name="Test lexer: whitespaces char (10p)" time="0.042">
                      
                    </testcase><testcase classname="LexerTests" name="expected error running tests" time="0.0">
                      <failure message="Java heap space" type="java.lang.OutOfMemoryError">java.lang.OutOfMemoryError: Java heap space
</failure>
                    </testcase>
          <system-out><![CDATA[]]></system-out>
          <system-err><![CDATA[]]></system-err>
        </testsuite>