<?xml version='1.0' encoding='UTF-8'?>
<testsuite hostname="DESKTOP-EA3VV5D" name="DfaTests" tests="16" errors="0" failures="1" skipped="0" time="0.219" timestamp="2023-01-08T14:21:08">
          <properties>
[...]
</properties>
          <testcase classname="DfaTests" name="Test eps (1p)" time="0.11">
                      
                    </testcase><testcase classname="DfaTests" name="Test void (1p)" time="0.002">
                      
                    </testcase><testcase classname="DfaTests" name="Test space (1p)" time="0.002">
                      
                    </testcase><testcase classname="DfaTests" name="Test character (1p)" time="0.002">
                      
                    </testcase><testcase classname="DfaTests" name="Test weird characters (1p)" time="0.035">
                      <failure message="/mnt/e/Facultate/anul3/LFA/proiect/tema/src/test/scala/DfaTests.scala:30 assertion failed
29:      x =&gt; {
[7m30:        assert(Dfa.fromPrenex(x+&quot;&quot;).accepts(x+&quot;&quot;))[0m
31:      }" type="munit.FailException">munit.FailException: /mnt/e/Facultate/anul3/LFA/proiect/tema/src/test/scala/DfaTests.scala:30 assertion failed
29:      x =&gt; {
[7m30:        assert(Dfa.fromPrenex(x+&quot;&quot;).accepts(x+&quot;&quot;))[0m
31:      }
	at munit.FunSuite.assert(FunSuite.scala:11)
	at DfaTests.$anonfun$new$24(DfaTests.scala:30)
	at DfaTests.$anonfun$new$24$adapted(DfaTests.scala:29)
	at scala.collection.StringOps$.foreach$extension(StringOps.scala:1044)
	at DfaTests.$anonfun$new$23(DfaTests.scala:29)
	at scala.runtime.java8.JFunction0$mcV$sp.apply(JFunction0$mcV$sp.scala:18)
</failure>
                    </testcase><testcase classname="DfaTests" name="Test concat (1p)" time="0.003">
                      
                    </testcase><testcase classname="DfaTests" name="Test star (1p)" time="0.004">
                      
                    </testcase><testcase classname="DfaTests" name="Test union (1p)" time="0.004">
                      
                    </testcase><testcase classname="DfaTests" name="Test complex 1 (10p)" time="0.01">
                      
                    </testcase><testcase classname="DfaTests" name="Test complex 2 (10p)" time="0.004">
                      
                    </testcase><testcase classname="DfaTests" name="Test complex 3 (10p)" time="0.009">
                      
                    </testcase><testcase classname="DfaTests" name="Test complex 4 (10p)" time="0.003">
                      
                    </testcase><testcase classname="DfaTests" name="Test complex 5 (10p)" time="0.008">
                      
                    </testcase><testcase classname="DfaTests" name="Test complex 6 (10p)" time="0.007">
                      
                    </testcase><testcase classname="DfaTests" name="Test complex 7 (10p)" time="0.007">
                      
                    </testcase><testcase classname="DfaTests" name="DFA map" time="0.009">
                      
                    </testcase>
          <system-out><![CDATA[]]></system-out>
          <system-err><![CDATA[]]></system-err>
        </testsuite>